#
# There is insufficient memory for the Java Runtime Environment to continue.
# Native memory allocation (mmap) failed to map 130023424 bytes for Failed to commit area from 0x0000000084000000 to 0x000000008bc00000 of length 130023424.
# Possible reasons:
#   The system is out of physical RAM or swap space
#   The process is running with CompressedOops enabled, and the Java Heap may be blocking the growth of the native heap
# Possible solutions:
#   Reduce memory load on the system
#   Increase physical memory or swap space
#   Check if swap backing store is full
#   Decrease Java heap size (-Xmx/-Xms)
#   Decrease number of Java threads
#   Decrease Java thread stack sizes (-Xss)
#   Set larger code cache with -XX:ReservedCodeCacheSize=
# This output file may be truncated or incomplete.
#
#  Out of Memory Error (./open/src/hotspot/os/windows/os_windows.cpp:3293), pid=2800, tid=6620
#
# JRE version:  (11.0.20+9) (build )
# Java VM: Java HotSpot(TM) 64-Bit Server VM (11.0.20+9-LTS-256, mixed mode, sharing, tiered, compressed oops, g1 gc, windows-amd64)
# No core dump will be written. Minidumps are not enabled by default on client versions of Windows
#

---------------  S U M M A R Y ------------

Command Line: -Dclassworlds.conf=C:\Program Files\NetBeans-17\netbeans\java\maven\bin\m2.conf -Dmaven.home=C:\Program Files\NetBeans-17\netbeans\java\maven -Dlibrary.jansi.path=C:\Program Files\NetBeans-17\netbeans\java\maven\lib\jansi-native -Dmaven.multiModuleProjectDirectory=D:\college\8th Sem\Start Glam Attire Project\Star_Glam_Attier org.codehaus.plexus.classworlds.launcher.Launcher -Dmaven.ext.class.path=C:\Program Files\NetBeans-17\netbeans\java\maven-nblib\netbeans-eventspy.jar -Dfile.encoding=UTF-8 --no-transfer-progress clean install

Host: 11th Gen Intel(R) Core(TM) i5-11320H @ 3.20GHz, 8 cores, 7G,  Windows 11 , 64 bit Build 22621 (10.0.22621.3374)
Time: Fri May  3 20:04:06 2024 India Standard Time elapsed time: 0.020129 seconds (0d 0h 0m 0s)

---------------  T H R E A D  ---------------

Current thread (0x0000022bcbeb4800):  JavaThread "Unknown thread" [_thread_in_vm, id=6620, stack(0x0000005b83100000,0x0000005b83200000)]

Stack: [0x0000005b83100000,0x0000005b83200000]
Native frames: (J=compiled Java code, j=interpreted, Vv=VM code, C=native code)
V  [jvm.dll+0x6602ba]
V  [jvm.dll+0x7a32af]
V  [jvm.dll+0x7a4979]
V  [jvm.dll+0x7a5013]
V  [jvm.dll+0x258ef5]
V  [jvm.dll+0x65d619]
V  [jvm.dll+0x652375]
V  [jvm.dll+0x31359d]
V  [jvm.dll+0x313402]
V  [jvm.dll+0x318036]
V  [jvm.dll+0x360130]
V  [jvm.dll+0x35fba2]
V  [jvm.dll+0x2eec28]
V  [jvm.dll+0x2efd35]
V  [jvm.dll+0x77c327]
V  [jvm.dll+0x77dc0f]
V  [jvm.dll+0x36d3d9]
V  [jvm.dll+0x760d0f]
V  [jvm.dll+0x3df467]
V  [jvm.dll+0x3e1511]
C  [jli.dll+0x52e7]
C  [ucrtbase.dll+0x29333]
C  [KERNEL32.DLL+0x1257d]
C  [ntdll.dll+0x5aa48]


---------------  P R O C E S S  ---------------

Threads class SMR info:
_java_thread_list=0x0000022bcbbf95b0, length=0, elements={
}

Java Threads: ( => current thread )

Other Threads:
  0x0000022bcbec9000 GCTaskThread "GC Thread#0" [stack: 0x0000005b83200000,0x0000005b83300000] [id=16324]
  0x0000022bcbef9000 ConcurrentGCThread "G1 Main Marker" [stack: 0x0000005b83300000,0x0000005b83400000] [id=9240]
  0x0000022bcbefa800 ConcurrentGCThread "G1 Conc#0" [stack: 0x0000005b83400000,0x0000005b83500000] [id=15864]

[error occurred during error reporting (printing all threads), id 0xc0000005, EXCEPTION_ACCESS_VIOLATION (0xc0000005) at pc=0x00007ffaa803f6e7]

VM state:not at safepoint (not fully initialized)

VM Mutex/Monitor currently owned by a thread:  ([mutex/lock_event])
[0x0000022bcbeb0c80] Heap_lock - owner thread: 0x0000022bcbeb4800

Heap address: 0x0000000084000000, size: 1984 MB, Compressed Oops mode: Non-zero based: 0x0000000084000000
Narrow klass base: 0x0000000000000000, Narrow klass shift: 0

GC Heap History (0 events):
No events

Deoptimization events (0 events):
No events

Classes redefined (0 events):
No events

Internal exceptions (0 events):
No events

Events (0 events):
No events


Dynamic libraries:
0x00007ff7894c0000 - 0x00007ff7894d0000 	C:\Program Files\Java\jdk-11\bin\java.exe
0x00007ffb0bdf0000 - 0x00007ffb0c006000 	C:\WINDOWS\SYSTEM32\ntdll.dll
0x00007ffb0b500000 - 0x00007ffb0b5c4000 	C:\WINDOWS\System32\KERNEL32.DLL
0x00007ffb09180000 - 0x00007ffb09527000 	C:\WINDOWS\System32\KERNELBASE.dll
0x00007ffb09860000 - 0x00007ffb09971000 	C:\WINDOWS\System32\ucrtbase.dll
0x00007ffaf0b20000 - 0x00007ffaf0b3b000 	C:\Program Files\Java\jdk-11\bin\VCRUNTIME140.dll
0x00007ffae6700000 - 0x00007ffae6719000 	C:\Program Files\Java\jdk-11\bin\jli.dll
0x00007ffb0b280000 - 0x00007ffb0b332000 	C:\WINDOWS\System32\ADVAPI32.dll
0x00007ffb0b800000 - 0x00007ffb0b8a7000 	C:\WINDOWS\System32\msvcrt.dll
0x00007ffb0b050000 - 0x00007ffb0b0f8000 	C:\WINDOWS\System32\sechost.dll
0x00007ffb09830000 - 0x00007ffb09858000 	C:\WINDOWS\System32\bcrypt.dll
0x00007ffb0b6e0000 - 0x00007ffb0b7f5000 	C:\WINDOWS\System32\RPCRT4.dll
0x00007ffb0ba50000 - 0x00007ffb0bbfe000 	C:\WINDOWS\System32\USER32.dll
0x00007ffaed280000 - 0x00007ffaed513000 	C:\WINDOWS\WinSxS\amd64_microsoft.windows.common-controls_6595b64144ccf1df_6.0.22621.3235_none_270f74e173860f98\COMCTL32.dll
0x00007ffb09980000 - 0x00007ffb099a6000 	C:\WINDOWS\System32\win32u.dll
0x00007ffb0b8b0000 - 0x00007ffb0b8d9000 	C:\WINDOWS\System32\GDI32.dll
0x00007ffb09670000 - 0x00007ffb09789000 	C:\WINDOWS\System32\gdi32full.dll
0x00007ffb09790000 - 0x00007ffb0982a000 	C:\WINDOWS\System32\msvcp_win.dll
0x00007ffafadc0000 - 0x00007ffafadca000 	C:\WINDOWS\SYSTEM32\VERSION.dll
0x00007ffb0ac80000 - 0x00007ffb0acb1000 	C:\WINDOWS\System32\IMM32.DLL
0x00007ffaffc60000 - 0x00007ffaffc6c000 	C:\Program Files\Java\jdk-11\bin\vcruntime140_1.dll
0x00007ffaea470000 - 0x00007ffaea4fe000 	C:\Program Files\Java\jdk-11\bin\msvcp140.dll
0x00007ffaa7d40000 - 0x00007ffaa88ad000 	C:\Program Files\Java\jdk-11\bin\server\jvm.dll
0x00007ffb09fa0000 - 0x00007ffb09fa8000 	C:\WINDOWS\System32\PSAPI.DLL
0x00007ffae1e90000 - 0x00007ffae1e99000 	C:\WINDOWS\SYSTEM32\WSOCK32.dll
0x00007ffb015c0000 - 0x00007ffb015f4000 	C:\WINDOWS\SYSTEM32\WINMM.dll
0x00007ffb09fb0000 - 0x00007ffb0a021000 	C:\WINDOWS\System32\WS2_32.dll
0x00007ffb08200000 - 0x00007ffb08218000 	C:\WINDOWS\SYSTEM32\kernel.appcore.dll
0x00007ffafa260000 - 0x00007ffafa270000 	C:\Program Files\Java\jdk-11\bin\verify.dll
0x00007ffb067b0000 - 0x00007ffb069e3000 	C:\WINDOWS\SYSTEM32\DBGHELP.DLL
0x00007ffb0acc0000 - 0x00007ffb0b048000 	C:\WINDOWS\System32\combase.dll
0x00007ffb0a030000 - 0x00007ffb0a107000 	C:\WINDOWS\System32\OLEAUT32.dll
0x00007ffb01540000 - 0x00007ffb01572000 	C:\WINDOWS\SYSTEM32\dbgcore.DLL
0x00007ffb09530000 - 0x00007ffb095a9000 	C:\WINDOWS\System32\bcryptPrimitives.dll
0x00007ffaec810000 - 0x00007ffaec838000 	C:\Program Files\Java\jdk-11\bin\java.dll
0x00007ffaf9d90000 - 0x00007ffaf9d9a000 	C:\Program Files\Java\jdk-11\bin\jimage.dll
0x00007ffaf0b00000 - 0x00007ffaf0b17000 	C:\Program Files\Java\jdk-11\bin\zip.dll

dbghelp: loaded successfully - version: 4.0.5 - missing functions: none
symbol engine: initialized successfully - sym options: 0x614 - pdb path: .;C:\Program Files\Java\jdk-11\bin;C:\WINDOWS\SYSTEM32;C:\WINDOWS\WinSxS\amd64_microsoft.windows.common-controls_6595b64144ccf1df_6.0.22621.3235_none_270f74e173860f98;C:\Program Files\Java\jdk-11\bin\server

VM Arguments:
jvm_args: -Dclassworlds.conf=C:\Program Files\NetBeans-17\netbeans\java\maven\bin\m2.conf -Dmaven.home=C:\Program Files\NetBeans-17\netbeans\java\maven -Dlibrary.jansi.path=C:\Program Files\NetBeans-17\netbeans\java\maven\lib\jansi-native -Dmaven.multiModuleProjectDirectory=D:\college\8th Sem\Start Glam Attire Project\Star_Glam_Attier 
java_command: org.codehaus.plexus.classworlds.launcher.Launcher -Dmaven.ext.class.path=C:\Program Files\NetBeans-17\netbeans\java\maven-nblib\netbeans-eventspy.jar -Dfile.encoding=UTF-8 --no-transfer-progress clean install
java_class_path (initial): C:\Program Files\NetBeans-17\netbeans\java\maven\boot\plexus-classworlds-2.6.0.jar
Launcher Type: SUN_STANDARD

[Global flags]
     intx CICompilerCount                          = 4                                         {product} {ergonomic}
     uint ConcGCThreads                            = 2                                         {product} {ergonomic}
     uint G1ConcRefinementThreads                  = 8                                         {product} {ergonomic}
   size_t G1HeapRegionSize                         = 1048576                                   {product} {ergonomic}
    uintx GCDrainStackTargetSize                   = 64                                        {product} {ergonomic}
   size_t InitialHeapSize                          = 130023424                                 {product} {ergonomic}
   size_t MarkStackSize                            = 4194304                                   {product} {ergonomic}
   size_t MaxHeapSize                              = 2080374784                                {product} {ergonomic}
   size_t MinHeapDeltaBytes                        = 1048576                                   {product} {ergonomic}
    uintx NonNMethodCodeHeapSize                   = 5836300                                {pd product} {ergonomic}
    uintx NonProfiledCodeHeapSize                  = 122910970                              {pd product} {ergonomic}
    uintx ProfiledCodeHeapSize                     = 122910970                              {pd product} {ergonomic}
    uintx ReservedCodeCacheSize                    = 251658240                              {pd product} {ergonomic}
     bool SegmentedCodeCache                       = true                                      {product} {ergonomic}
     bool UseCompressedClassPointers               = true                                 {lp64_product} {ergonomic}
     bool UseCompressedOops                        = true                                 {lp64_product} {ergonomic}
     bool UseG1GC                                  = true                                      {product} {ergonomic}
     bool UseLargePagesIndividualAllocation        = false                                  {pd product} {ergonomic}

Logging:
Log output configuration:
 #0: stdout all=warning uptime,level,tags
 #1: stderr all=off uptime,level,tags

Environment Variables:
JAVA_HOME=C:\Program Files\Java\jdk-11
PATH=C:\Program Files\Common Files\Oracle\Java\javapath;D:\VMware\VMware Player\bin\;C:\Program Files\Microsoft\jdk-11.0.16.101-hotspot\bin;C:\oraclexe\app\oracle\product\10.2.0\server\bin;C:\Windows\system32;C:\Windows;C:\Windows\System32\Wbem;C:\Windows\System32\WindowsPowerShell\v1.0\;C:\Windows\System32\OpenSSH\;C:\Program Files\NVIDIA Corporation\NVIDIA NvDLISR;C:\Program Files\dotnet\;C:\TDM-GCC-64\bin;C:\xampp\htdocs\501;C:\Users\Admin\.vscode\extensions\brapifra.phpserver-3.0.2;C:\xampp\php;C:\composer;C:\Program Files\Microsoft SQL Server\130\Tools\Binn\;C:\Program Files\Microsoft SQL Server\Client SDK\ODBC\170\Tools\Binn\;C:\WINDOWS\system32;C:\WINDOWS;C:\WINDOWS\System32\Wbem;C:\WINDOWS\System32\WindowsPowerShell\v1.0\;C:\WINDOWS\System32\OpenSSH\;C:\Program Files\Git\cmd;C:\Program Files\Docker\Docker\resources\bin;C:\Program Files\Microsoft SQL Server\150\Tools\Binn\;C:\Program Files (x86)\Microsoft SQL Server\160\Tools\Binn\;C:\Program Files\Microsoft SQL Server\160\Tools\Binn\;C:\Program Files\Microsoft SQL Server\160\DTS\Binn\;C:\Program Files (x86)\Microsoft SQL Server\160\DTS\Binn\;C:\Program Files\Azure Data Studio\bin;C:\Program Files\Java\jdk-11\bin;%NVM_HOME%;%NVM_SYMLINK%;C:\Program Files\nodejs\;C:\Users\Admin\AppData\Local\Microsoft\WindowsApps;C:\Users\Admin\AppData\Local\Programs\Microsoft VS Code\bin;C:\Program Files\Java\jdk-14;C:\Program Files\MongoDB\Server\3.6\bin;C:\Users\Admin\AppData\Roaming\Composer\vendor\bin;C:\Program Files\heroku\bin;C:\Users\Admin\AppData\Local\Programs\Python\Python312;C:\Windows\SysWOW64\1033;C:\Program Files\Azure Data Studio\bin;C:\Users\Admin\AppData\Roaming\nvm;C:\Program Files\nodejs;C:\Users\Admin\AppData\Roaming\npm
USERNAME=Admin
OS=Windows_NT
PROCESSOR_IDENTIFIER=Intel64 Family 6 Model 140 Stepping 2, GenuineIntel



---------------  S Y S T E M  ---------------

OS: Windows 11 , 64 bit Build 22621 (10.0.22621.3374)
Hyper-V role detected

CPU:total 8 (initial active 8) (4 cores per cpu, 2 threads per core) family 6 model 140 stepping 2 microcode 0x16, cmov, cx8, fxsr, mmx, sse, sse2, sse3, ssse3, sse4.1, sse4.2, popcnt, avx, avx2, aes, clmul, erms, 3dnowpref, lzcnt, ht, tsc, tscinvbit, bmi1, bmi2, adx, evex, sha, fma

Memory: 4k page, system-wide physical 7930M (507M free)
TotalPageFile size 32506M (AvailPageFile size 123M)
current process WorkingSet (physical memory assigned to process): 10M, peak: 10M
current process commit charge ("private bytes"): 60M, peak: 184M

vm_info: Java HotSpot(TM) 64-Bit Server VM (11.0.20+9-LTS-256) for windows-amd64 JRE (11.0.20+9-LTS-256), built on Jun 14 2023 10:34:22 by "mach5one" with MS VC++ 17.1 (VS2022)

END.
